#
# There is insufficient memory for the Java Runtime Environment to continue.
# Native memory allocation (malloc) failed to allocate 1048576 bytes for AllocateHeap
# Possible reasons:
#   The system is out of physical RAM or swap space
#   The process is running with CompressedOops enabled, and the Java Heap may be blocking the growth of the native heap
# Possible solutions:
#   Reduce memory load on the system
#   Increase physical memory or swap space
#   Check if swap backing store is full
#   Decrease Java heap size (-Xmx/-Xms)
#   Decrease number of Java threads
#   Decrease Java thread stack sizes (-Xss)
#   Set larger code cache with -XX:ReservedCodeCacheSize=
#   JVM is running with Zero Based Compressed Oops mode in which the Java heap is
#     placed in the first 32GB address space. The Java Heap base address is the
#     maximum limit for the native heap growth. Please use -XX:HeapBaseMinAddress
#     to set the Java Heap base and to place the Java Heap above 32GB virtual address.
# This output file may be truncated or incomplete.
#
#  Out of Memory Error (memory/allocation.inline.hpp:61), pid=7780, tid=0x0000000000001fb4
#
# JRE version:  (8.0_261-b12) (build )
# Java VM: Java HotSpot(TM) 64-Bit Server VM (25.261-b12 mixed mode windows-amd64 compressed oops)
# Failed to write core dump. Minidumps are not enabled by default on client versions of Windows
#

---------------  T H R E A D  ---------------

Current thread (0x0000023d0812e800):  JavaThread "Unknown thread" [_thread_in_vm, id=8116, stack(0x000000d23a200000,0x000000d23a300000)]

Stack: [0x000000d23a200000,0x000000d23a300000]
Native frames: (J=compiled Java code, j=interpreted, Vv=VM code, C=native code)
V  [jvm.dll+0x33e5f9]
V  [jvm.dll+0x2850e2]
V  [jvm.dll+0x285d8d]
V  [jvm.dll+0x27c895]
V  [jvm.dll+0x1565d]
V  [jvm.dll+0x3d9117]
V  [jvm.dll+0x3d5557]
V  [jvm.dll+0x10c61f]
V  [jvm.dll+0x21a00b]
V  [jvm.dll+0x248687]
V  [jvm.dll+0x172116]
C  [java.exe+0x2312]
C  [java.exe+0x15f64]
C  [KERNEL32.DLL+0x17bd4]
C  [ntdll.dll+0x6ce51]


---------------  P R O C E S S  ---------------

Java Threads: ( => current thread )

Other Threads:

=>0x0000023d0812e800 (exited) JavaThread "Unknown thread" [_thread_in_vm, id=8116, stack(0x000000d23a200000,0x000000d23a300000)]

VM state:not at safepoint (normal execution)

VM Mutex/Monitor currently owned by a thread: None

heap address: 0x0000000720e00000, size: 2546 MB, Compressed Oops mode: Zero based, Oop shift amount: 3
Narrow klass base: 0x0000000000000000, Narrow klass shift: 3
Compressed class space size: 1073741824 Address: 0x00000007c0000000

Heap:
 PSYoungGen      total 47616K, used 819K [0x000000078af80000, 0x000000078e480000, 0x00000007c0000000)
  eden space 40960K, 2% used [0x000000078af80000,0x000000078b04ccd8,0x000000078d780000)
  from space 6656K, 0% used [0x000000078de00000,0x000000078de00000,0x000000078e480000)
  to   space 6656K, 0% used [0x000000078d780000,0x000000078d780000,0x000000078de00000)
 ParOldGen       total 109568K, used 0K [0x0000000720e00000, 0x0000000727900000, 0x000000078af80000)
  object space 109568K, 0% used [0x0000000720e00000,0x0000000720e00000,0x0000000727900000)
 Metaspace       used 776K, capacity 4480K, committed 4480K, reserved 1056768K
  class space    used 76K, capacity 384K, committed 384K, reserved 1048576K

Card table byte_map: [0x0000023d18e50000,0x0000023d19350000] byte_map_base: 0x0000023d15549000

Marking Bits: (ParMarkBitMap*) 0x00000000567e4fb0
 Begin Bits: [0x0000023d196b0000, 0x0000023d1be78000)
 End Bits:   [0x0000023d1be78000, 0x0000023d1e640000)

Polling page: 0x0000023d08200000

CodeCache: size=245760Kb used=327Kb max_used=327Kb free=245432Kb
 bounds [0x0000023d09a90000, 0x0000023d09d00000, 0x0000023d18a90000]
 total_blobs=57 nmethods=0 adapters=38
 compilation: enabled

Compilation events (0 events):
No events

GC Heap History (0 events):
No events

Deoptimization events (0 events):
No events

Classes redefined (0 events):
No events

Internal exceptions (0 events):
No events

Events (10 events):
Event: 0.028 loading class java/lang/Short
Event: 0.028 loading class java/lang/Short done
Event: 0.028 loading class java/lang/Integer
Event: 0.029 loading class java/lang/Integer done
Event: 0.029 loading class java/lang/Long
Event: 0.029 loading class java/lang/Long done
Event: 0.030 loading class java/lang/NullPointerException
Event: 0.030 loading class java/lang/NullPointerException done
Event: 0.030 loading class java/lang/ArithmeticException
Event: 0.030 loading class java/lang/ArithmeticException done


Dynamic libraries:
0x00007ff71bfe0000 - 0x00007ff71c027000 	C:\Program Files\Java\jdk1.8.0_261\bin\java.exe
0x00007ffff4560000 - 0x00007ffff4750000 	C:\WINDOWS\SYSTEM32\ntdll.dll
0x00007ffff2640000 - 0x00007ffff26f2000 	C:\WINDOWS\System32\KERNEL32.DLL
0x00007ffff21c0000 - 0x00007ffff2464000 	C:\WINDOWS\System32\KERNELBASE.dll
0x00007ffff4450000 - 0x00007ffff44f3000 	C:\WINDOWS\System32\ADVAPI32.dll
0x00007ffff42d0000 - 0x00007ffff436e000 	C:\WINDOWS\System32\msvcrt.dll
0x00007ffff27f0000 - 0x00007ffff2887000 	C:\WINDOWS\System32\sechost.dll
0x00007ffff36e0000 - 0x00007ffff3800000 	C:\WINDOWS\System32\RPCRT4.dll
0x00007ffff4130000 - 0x00007ffff42c4000 	C:\WINDOWS\System32\USER32.dll
0x00007ffff1950000 - 0x00007ffff1971000 	C:\WINDOWS\System32\win32u.dll
0x00007ffff2610000 - 0x00007ffff2636000 	C:\WINDOWS\System32\GDI32.dll
0x00007ffff17b0000 - 0x00007ffff1946000 	C:\WINDOWS\System32\gdi32full.dll
0x00007ffff1710000 - 0x00007ffff17ae000 	C:\WINDOWS\System32\msvcp_win.dll
0x00007ffff14e0000 - 0x00007ffff15da000 	C:\WINDOWS\System32\ucrtbase.dll
0x00007fffdee80000 - 0x00007fffdf104000 	C:\WINDOWS\WinSxS\amd64_microsoft.windows.common-controls_6595b64144ccf1df_6.0.18362.959_none_e6c7bbbf130c62bb\COMCTL32.dll
0x00007ffff3df0000 - 0x00007ffff4125000 	C:\WINDOWS\System32\combase.dll
0x00007ffff15e0000 - 0x00007ffff1660000 	C:\WINDOWS\System32\bcryptPrimitives.dll
0x00007ffff36a0000 - 0x00007ffff36ce000 	C:\WINDOWS\System32\IMM32.DLL
0x00007fffed380000 - 0x00007fffed395000 	C:\Program Files\Java\jdk1.8.0_261\jre\bin\vcruntime140.dll
0x00007fffdece0000 - 0x00007fffded7b000 	C:\Program Files\Java\jdk1.8.0_261\jre\bin\msvcp140.dll
0x0000000055ff0000 - 0x000000005685c000 	C:\Program Files\Java\jdk1.8.0_261\jre\bin\server\jvm.dll
0x00007ffff36d0000 - 0x00007ffff36d8000 	C:\WINDOWS\System32\PSAPI.DLL
0x00007fffeed70000 - 0x00007fffeed94000 	C:\WINDOWS\SYSTEM32\WINMM.dll
0x00007fffe9ac0000 - 0x00007fffe9aca000 	C:\WINDOWS\SYSTEM32\VERSION.dll
0x00007fffeb710000 - 0x00007fffeb719000 	C:\WINDOWS\SYSTEM32\WSOCK32.dll
0x00007ffff3970000 - 0x00007ffff39df000 	C:\WINDOWS\System32\WS2_32.dll
0x00007fffeedb0000 - 0x00007fffeeddd000 	C:\WINDOWS\SYSTEM32\WINMMBASE.dll
0x00007ffff1660000 - 0x00007ffff16aa000 	C:\WINDOWS\System32\cfgmgr32.dll
0x00007ffff1420000 - 0x00007ffff1431000 	C:\WINDOWS\System32\kernel.appcore.dll
0x00007fffeee00000 - 0x00007fffeee10000 	C:\Program Files\Java\jdk1.8.0_261\jre\bin\verify.dll
0x00007fffe3540000 - 0x00007fffe356b000 	C:\Program Files\Java\jdk1.8.0_261\jre\bin\java.dll
0x00007fffdeca0000 - 0x00007fffdecd2000 	C:\Program Files\Java\jdk1.8.0_261\jre\bin\instrument.dll
0x00007fffed360000 - 0x00007fffed378000 	C:\Program Files\Java\jdk1.8.0_261\jre\bin\zip.dll
0x00007ffff0190000 - 0x00007ffff0384000 	C:\WINDOWS\SYSTEM32\dbghelp.dll

VM Arguments:
jvm_args: -javaagent:C:\Program Files\JetBrains\IntelliJ IDEA Community Edition 2020.1.3\lib\idea_rt.jar=51865:C:\Program Files\JetBrains\IntelliJ IDEA Community Edition 2020.1.3\bin -Dfile.encoding=UTF-8 
java_command: ai.skillo.Main
java_class_path (initial): C:\Program Files\Java\jdk1.8.0_261\jre\lib\charsets.jar;C:\Program Files\Java\jdk1.8.0_261\jre\lib\deploy.jar;C:\Program Files\Java\jdk1.8.0_261\jre\lib\ext\access-bridge-64.jar;C:\Program Files\Java\jdk1.8.0_261\jre\lib\ext\cldrdata.jar;C:\Program Files\Java\jdk1.8.0_261\jre\lib\ext\dnsns.jar;C:\Program Files\Java\jdk1.8.0_261\jre\lib\ext\jaccess.jar;C:\Program Files\Java\jdk1.8.0_261\jre\lib\ext\jfxrt.jar;C:\Program Files\Java\jdk1.8.0_261\jre\lib\ext\localedata.jar;C:\Program Files\Java\jdk1.8.0_261\jre\lib\ext\nashorn.jar;C:\Program Files\Java\jdk1.8.0_261\jre\lib\ext\sunec.jar;C:\Program Files\Java\jdk1.8.0_261\jre\lib\ext\sunjce_provider.jar;C:\Program Files\Java\jdk1.8.0_261\jre\lib\ext\sunmscapi.jar;C:\Program Files\Java\jdk1.8.0_261\jre\lib\ext\sunpkcs11.jar;C:\Program Files\Java\jdk1.8.0_261\jre\lib\ext\zipfs.jar;C:\Program Files\Java\jdk1.8.0_261\jre\lib\javaws.jar;C:\Program Files\Java\jdk1.8.0_261\jre\lib\jce.jar;C:\Program Files\Java\jdk1.8.0_261\jre\lib\jfr.jar;C:\Program Files\Java\jdk1.8.0_261\jre\lib\jfxswt.jar;C:\Program Files\Java\jdk1.8.0_261\jre\lib\jsse.jar;C:\Program Files\Java\jdk1.8.0_261\jre\lib\management-agent.jar;C:\Program Files\Java\jdk1.8.0_261\jre\lib\plugin.jar;C:\Program Files\Java\jdk1.8.0_261\jre\lib\resources.jar;C:\Program Files\Java\jdk1.8.0_261\jre\lib\rt.jar;C:\Users\elena\IdeaProjects\Hometask4 OOP\out\production\Hometask4 OOP;C:\Program Files\JetBrains\IntelliJ IDEA Community Edition 2020.1.3\lib\idea_rt.jar
Launcher Type: SUN_STANDARD

Environment Variables:
JAVA_HOME=C:\Program Files\Java\jdk-1.8.0.261
PATH=C:\Program Files (x86)\Common Files\Oracle\Java\javapath;C:\ProgramData\Oracle\Java\javapath;C:\WINDOWS\system32;C:\WINDOWS;C:\WINDOWS\System32\Wbem;C:\WINDOWS\System32\WindowsPowerShell\v1.0\;C:\WINDOWS\System32\OpenSSH\;C:\Program Files\nodejs\;C:\Program Files (x86)\Yarn\bin\;C:\Program Files\Java\jdk-13.0.1\bin;C:\Program Files\Git\cmd;% JAVA_HOME% \ bin;C:\Users\elena\AppData\Local\Microsoft\WindowsApps;C:\Users\elena\AppData\Roaming\npm;C:\Users\elena\AppData\Local\Yarn\bin;C:\Users\elena\AppData\Local\Programs\Microsoft VS Code\bin;C:\Users\elena\AppData\Local\atom\bin
USERNAME=elena
OS=Windows_NT
PROCESSOR_IDENTIFIER=AMD64 Family 23 Model 24 Stepping 1, AuthenticAMD



---------------  S Y S T E M  ---------------

OS: Windows 10.0 , 64 bit Build 18362 (10.0.18362.959)

CPU:total 8 (initial active 8) (8 cores per cpu, 1 threads per core) family 23 model 24 stepping 1, cmov, cx8, fxsr, mmx, sse, sse2, sse3, ssse3, sse4.1, sse4.2, popcnt, avx, avx2, aes, clmul, mmxext, 3dnowpref, lzcnt, sse4a, tsc, tscinvbit, tscinv, bmi1

Memory: 4k page, physical 10422828k(2074712k free), swap 10422828k(5152k free)

vm_info: Java HotSpot(TM) 64-Bit Server VM (25.261-b12) for windows-amd64 JRE (1.8.0_261-b12), built on Jun 18 2020 06:56:32 by "" with unknown MS VC++:1916

time: Thu Aug 20 15:23:24 2020
timezone: Eastern Daylight Time
elapsed time: 0 seconds (0d 0h 0m 0s)

